[INFO ] 2023-07-09 21:42:14.542 [main] ReportManager - 
------------------------------------------------------------------------------------------------------------------------------------------------
                                                      Powered by SHAFT Engine v7.2.20230621                                                      
------------------------------------------------------------------------------------------------------------------------------------------------

[INFO ] 2023-07-09 21:42:17.541 [main] ReportManager - Loaded OpenCV "opencv_java470".
[INFO ] 2023-07-09 21:42:17.541 [main] ReportManager - Initializing Allure Reporting Environment...
[INFO ] 2023-07-09 21:42:17.623 [main] ReportManager - Initializing Extent Reporting Environment...
[INFO ] 2023-07-09 21:42:17.960 [main] ReportManager - Initializing Summary Reporting Environment...
[INFO ] 2023-07-09 21:42:18.086 [main] Utils - [TestNG] Running:
  C:\Users\t.alhusin\AppData\Local\JetBrains\IdeaIC2022.3\temp-testng-customsuite.xml

[INFO ] 2023-07-09 21:42:18.108 [main] ReportManager - 
------------------------------------------------------------------------------------------------------------------------------------------------
                                             Starting execution of suite setup configuration method                                             
                                          'com.shaft.listeners.internal.ConfigurationHelper.suiteSetup'                                          
------------------------------------------------------------------------------------------------------------------------------------------------

[INFO ] 2023-07-09 21:42:18.193 [main] ReportManager - Initializing Important Links...
[INFO ] 2023-07-09 21:42:18.200 [main] ReportManager - Initializing Properties...
[INFO ] 2023-07-09 21:42:18.361 [main] ReportManager - 
------------------------------------------------------------------------------------------------------------------------------------------------
                                        Starting Execution: '1 out of 1' test cases in the current suite                                        
                                                 Test Method: 'com.qacart.shaft.Api.sendRequest'                                                 
------------------------------------------------------------------------------------------------------------------------------------------------

[DEBUG] 2023-07-09 21:42:20.101 [main] BasicClientConnectionManager - Get connection for route {s}->https://todo.qacart.com:443
[DEBUG] 2023-07-09 21:42:20.549 [main] DefaultClientConnectionOperator - Connecting to todo.qacart.com:443
[DEBUG] 2023-07-09 21:42:21.033 [main] RequestAddCookies - CookieSpec selected: ignoreCookies
[DEBUG] 2023-07-09 21:42:21.034 [main] RequestAuthCache - Auth cache not set in the context
[DEBUG] 2023-07-09 21:42:21.034 [main] RequestTargetAuthentication - Target auth state: UNCHALLENGED
[DEBUG] 2023-07-09 21:42:21.035 [main] RequestProxyAuthentication - Proxy auth state: UNCHALLENGED
[DEBUG] 2023-07-09 21:42:21.035 [main] DefaultClientConnection - Sending request: POST /api/v1/users/login HTTP/1.1
[DEBUG] 2023-07-09 21:42:21.035 [main] wire -  >> "POST /api/v1/users/login HTTP/1.1[\r][\n]"
[DEBUG] 2023-07-09 21:42:21.036 [main] wire -  >> "Accept: */*[\r][\n]"
[DEBUG] 2023-07-09 21:42:21.036 [main] wire -  >> "Content-Type: application/json; charset=UTF-8[\r][\n]"
[DEBUG] 2023-07-09 21:42:21.036 [main] wire -  >> "Content-Length: 57[\r][\n]"
[DEBUG] 2023-07-09 21:42:21.036 [main] wire -  >> "Host: todo.qacart.com[\r][\n]"
[DEBUG] 2023-07-09 21:42:21.036 [main] wire -  >> "Connection: Keep-Alive[\r][\n]"
[DEBUG] 2023-07-09 21:42:21.036 [main] wire -  >> "User-Agent: Apache-HttpClient/4.5.13 (Java/20.0.1)[\r][\n]"
[DEBUG] 2023-07-09 21:42:21.036 [main] wire -  >> "Accept-Encoding: gzip,deflate[\r][\n]"
[DEBUG] 2023-07-09 21:42:21.036 [main] wire -  >> "[\r][\n]"
[DEBUG] 2023-07-09 21:42:21.036 [main] headers - >> POST /api/v1/users/login HTTP/1.1
[DEBUG] 2023-07-09 21:42:21.036 [main] headers - >> Accept: */*
[DEBUG] 2023-07-09 21:42:21.036 [main] headers - >> Content-Type: application/json; charset=UTF-8
[DEBUG] 2023-07-09 21:42:21.036 [main] headers - >> Content-Length: 57
[DEBUG] 2023-07-09 21:42:21.036 [main] headers - >> Host: todo.qacart.com
[DEBUG] 2023-07-09 21:42:21.036 [main] headers - >> Connection: Keep-Alive
[DEBUG] 2023-07-09 21:42:21.036 [main] headers - >> User-Agent: Apache-HttpClient/4.5.13 (Java/20.0.1)
[DEBUG] 2023-07-09 21:42:21.036 [main] headers - >> Accept-Encoding: gzip,deflate
[DEBUG] 2023-07-09 21:42:21.036 [main] wire -  >> "{"password":"12345678","email":"tihraquamahdi@gmail.com"}"
[DEBUG] 2023-07-09 21:42:21.198 [main] wire -  << "HTTP/1.1 400 Bad Request[\r][\n]"
[DEBUG] 2023-07-09 21:42:21.201 [main] wire -  << "Server: Cowboy[\r][\n]"
[DEBUG] 2023-07-09 21:42:21.201 [main] wire -  << "Connection: keep-alive[\r][\n]"
[DEBUG] 2023-07-09 21:42:21.201 [main] wire -  << "X-Powered-By: Express[\r][\n]"
[DEBUG] 2023-07-09 21:42:21.201 [main] wire -  << "Access-Control-Allow-Origin: *[\r][\n]"
[DEBUG] 2023-07-09 21:42:21.201 [main] wire -  << "Content-Type: application/json; charset=utf-8[\r][\n]"
[DEBUG] 2023-07-09 21:42:21.201 [main] wire -  << "Content-Length: 57[\r][\n]"
[DEBUG] 2023-07-09 21:42:21.202 [main] wire -  << "Etag: W/"39-BgyCzDkoz19FYgC860lRtF0qTPs"[\r][\n]"
[DEBUG] 2023-07-09 21:42:21.202 [main] wire -  << "Date: Sun, 09 Jul 2023 19:42:30 GMT[\r][\n]"
[DEBUG] 2023-07-09 21:42:21.202 [main] wire -  << "Via: 1.1 vegur[\r][\n]"
[DEBUG] 2023-07-09 21:42:21.202 [main] wire -  << "[\r][\n]"
[DEBUG] 2023-07-09 21:42:21.203 [main] DefaultClientConnection - Receiving response: HTTP/1.1 400 Bad Request
[DEBUG] 2023-07-09 21:42:21.203 [main] headers - << HTTP/1.1 400 Bad Request
[DEBUG] 2023-07-09 21:42:21.203 [main] headers - << Server: Cowboy
[DEBUG] 2023-07-09 21:42:21.203 [main] headers - << Connection: keep-alive
[DEBUG] 2023-07-09 21:42:21.203 [main] headers - << X-Powered-By: Express
[DEBUG] 2023-07-09 21:42:21.204 [main] headers - << Access-Control-Allow-Origin: *
[DEBUG] 2023-07-09 21:42:21.204 [main] headers - << Content-Type: application/json; charset=utf-8
[DEBUG] 2023-07-09 21:42:21.204 [main] headers - << Content-Length: 57
[DEBUG] 2023-07-09 21:42:21.204 [main] headers - << Etag: W/"39-BgyCzDkoz19FYgC860lRtF0qTPs"
[DEBUG] 2023-07-09 21:42:21.204 [main] headers - << Date: Sun, 09 Jul 2023 19:42:30 GMT
[DEBUG] 2023-07-09 21:42:21.204 [main] headers - << Via: 1.1 vegur
[DEBUG] 2023-07-09 21:42:21.212 [main] RestAssuredHttpBuilder - Parsing response as: application/json; charset=utf-8
[DEBUG] 2023-07-09 21:42:21.212 [main] RestAssuredHttpBuilder - Parsed data to instance of: class org.apache.http.conn.EofSensorInputStream
[INFO ] 2023-07-09 21:42:21.248 [main] ReportManager - Response status code: "400", status line: "HTTP/1.1 400 Bad Request"
[INFO ] 2023-07-09 21:42:21.258 [main] ReportManager - Expected "true", and actual "false"
[INFO ] 2023-07-09 21:42:21.265 [main] ReportManager - Assertion "ValidateEquals" FAILED. Expected "true" and Actual "false". Comparison Type "EQUALS". Validation Type "POSITIVE".
[INFO ] 2023-07-09 21:42:21.272 [main] ReportManager - Successfully created attachment 'Validation Test Data - Failure Reason'
[INFO ] 2023-07-09 21:42:21.275 [main] ReportManager - Assertion "ValidateEquals" FAILED. Expected "true" and Actual "false". Comparison Type "EQUALS". Validation Type "POSITIVE".
[DEBUG] 2023-07-09 21:42:21.294 [main] wire -  << "{"message":"We could not find the email in the database"}"
[DEBUG] 2023-07-09 21:42:21.295 [main] BasicClientConnectionManager - Releasing connection org.apache.http.impl.conn.ManagedClientConnectionImpl@a479c0c
[DEBUG] 2023-07-09 21:42:21.295 [main] BasicClientConnectionManager - Connection can be kept alive indefinitely
[INFO ] 2023-07-09 21:42:21.906 [main] ReportManager - Successfully created attachment 'API Request - Specifications'
[DEBUG] 2023-07-09 21:42:21.929 [main] cache - Couldn't find template in cache for "codeblock.ftl"("en_US", UTF-8, parsed); will try to load it.
[DEBUG] 2023-07-09 21:42:21.930 [main] cache - TemplateLoader.findTemplateSource("codeblock_en_US.ftl"): Not found
[DEBUG] 2023-07-09 21:42:21.931 [main] cache - TemplateLoader.findTemplateSource("codeblock_en.ftl"): Not found
[DEBUG] 2023-07-09 21:42:21.932 [main] cache - TemplateLoader.findTemplateSource("codeblock.ftl"): Found
[DEBUG] 2023-07-09 21:42:21.932 [main] cache - Loading template for "codeblock.ftl"("en_US", UTF-8, parsed) from "jar:file:/C:/Users/t.alhusin/.m2/repository/com/aventstack/extentreports/5.0.9/extentreports-5.0.9.jar!/com/aventstack/extentreports/markup/codeblock.ftl"
[DEBUG] 2023-07-09 21:42:22.053 [main] cache - Couldn't find template in cache for "codeblock.json.ftl"("en_US", UTF-8, parsed); will try to load it.
[DEBUG] 2023-07-09 21:42:22.054 [main] cache - TemplateLoader.findTemplateSource("codeblock.json_en_US.ftl"): Not found
[DEBUG] 2023-07-09 21:42:22.054 [main] cache - TemplateLoader.findTemplateSource("codeblock.json_en.ftl"): Not found
[DEBUG] 2023-07-09 21:42:22.054 [main] cache - TemplateLoader.findTemplateSource("codeblock.json.ftl"): Found
[DEBUG] 2023-07-09 21:42:22.055 [main] cache - Loading template for "codeblock.json.ftl"("en_US", UTF-8, parsed) from "jar:file:/C:/Users/t.alhusin/.m2/repository/com/aventstack/extentreports/5.0.9/extentreports-5.0.9.jar!/com/aventstack/extentreports/markup/codeblock.json.ftl"
[INFO ] 2023-07-09 21:42:22.078 [main] ReportManager - Successfully created attachment 'API Request - JSON Body'
[INFO ] 2023-07-09 21:42:22.080 [main] ReportManager - Successfully created attachment 'API Response - JSON Body'
[INFO ] 2023-07-09 21:42:22.084 [main] ReportManager - Successfully created attachment 'API Request - Specifications'
[INFO ] 2023-07-09 21:42:22.085 [main] ReportManager - Successfully created attachment 'API Request - JSON Body'
[INFO ] 2023-07-09 21:42:22.087 [main] ReportManager - Successfully created attachment 'API Response - JSON Body'
[INFO ] 2023-07-09 21:42:22.099 [main] ReportManager - Successfully created attachment 'API Action Exception - Perform request - Stacktrace'
[INFO ] 2023-07-09 21:42:22.107 [main] ReportManager - Successfully created attachment 'Rest actions - Get  stack  trace - Exception Stacktrace'
[INFO ] 2023-07-09 21:42:22.122 [main] ReportManager - Successfully created attachment 'SHAFT Engine Logs - Current Method log: sendRequest'
[INFO ] 2023-07-09 21:42:22.230 [main] ReportManager - 
------------------------------------------------------------------------------------------------------------------------------------------------
                                           Starting execution of engine teardown configuration method                                           
                                        'com.shaft.listeners.internal.ConfigurationHelper.engineTeardown'                                        
------------------------------------------------------------------------------------------------------------------------------------------------

[INFO ] 2023-07-09 21:42:22.231 [main] ReportManager - Successfully created attachment 'SHAFT Engine Logs - Execution log'
[INFO ] 2023-07-09 21:42:22.232 [main] ReportManager - File Action "DoesFileExist" successfully performed. With the following test data "File Path: "target/logs/log4j.log"".
[INFO ] 2023-07-09 21:42:22.233 [main] ReportManager - File Action "GetAbsolutePath" successfully performed. With the following test data "Relative Folder Path: "target/logs/log4j.log"".
[INFO ] 2023-07-09 21:42:22.234 [main] ReportManager - File Action "ReadFileAsByteArray" successfully performed. With the following test data "File Path: "C:\Users\t.alhusin\IdeaProjects\shaft-demo\target\logs\log4j.log"".
[INFO ] 2023-07-09 21:42:22.235 [main] ReportManager - File Action "DeleteFile" successfully performed. With the following test data "Target File Path: "target/logs/log4j.log", file was not deleted.".
[INFO ] 2023-07-09 21:42:22.236 [main] ReportManager - Successfully created attachment 'SHAFT Engine Logs - Execution log: 20230709-214222'
[DEBUG] 2023-07-09 21:42:22.243 [main] cache - Couldn't find template in cache for "spark/spark.spa.ftl"("en_US", UTF-8, parsed); will try to load it.
[DEBUG] 2023-07-09 21:42:22.244 [main] cache - TemplateLoader.findTemplateSource("spark/spark.spa_en_US.ftl"): Not found
[DEBUG] 2023-07-09 21:42:22.244 [main] cache - TemplateLoader.findTemplateSource("spark/spark.spa_en.ftl"): Not found
[DEBUG] 2023-07-09 21:42:22.244 [main] cache - TemplateLoader.findTemplateSource("spark/spark.spa.ftl"): Found
[DEBUG] 2023-07-09 21:42:22.244 [main] cache - Loading template for "spark/spark.spa.ftl"("en_US", UTF-8, parsed) from "jar:file:/C:/Users/t.alhusin/.m2/repository/com/aventstack/extentreports/5.0.9/extentreports-5.0.9.jar!/com/aventstack/extentreports/templates/spark/spark.spa.ftl"
[DEBUG] 2023-07-09 21:42:22.249 [main] cache - Couldn't find template in cache for "commons/commons-variables.ftl"("en_US", UTF-8, parsed); will try to load it.
[DEBUG] 2023-07-09 21:42:22.250 [main] cache - TemplateLoader.findTemplateSource("commons/commons-variables_en_US.ftl"): Not found
[DEBUG] 2023-07-09 21:42:22.250 [main] cache - TemplateLoader.findTemplateSource("commons/commons-variables_en.ftl"): Not found
[DEBUG] 2023-07-09 21:42:22.250 [main] cache - TemplateLoader.findTemplateSource("commons/commons-variables.ftl"): Found
[DEBUG] 2023-07-09 21:42:22.250 [main] cache - Loading template for "commons/commons-variables.ftl"("en_US", UTF-8, parsed) from "jar:file:/C:/Users/t.alhusin/.m2/repository/com/aventstack/extentreports/5.0.9/extentreports-5.0.9.jar!/com/aventstack/extentreports/templates/commons/commons-variables.ftl"
[DEBUG] 2023-07-09 21:42:22.286 [main] cache - Couldn't find template in cache for "commons/commons-macros.ftl"("en_US", UTF-8, parsed); will try to load it.
[DEBUG] 2023-07-09 21:42:22.287 [main] cache - TemplateLoader.findTemplateSource("commons/commons-macros_en_US.ftl"): Not found
[DEBUG] 2023-07-09 21:42:22.287 [main] cache - TemplateLoader.findTemplateSource("commons/commons-macros_en.ftl"): Not found
[DEBUG] 2023-07-09 21:42:22.287 [main] cache - TemplateLoader.findTemplateSource("commons/commons-macros.ftl"): Found
[DEBUG] 2023-07-09 21:42:22.287 [main] cache - Loading template for "commons/commons-macros.ftl"("en_US", UTF-8, parsed) from "jar:file:/C:/Users/t.alhusin/.m2/repository/com/aventstack/extentreports/5.0.9/extentreports-5.0.9.jar!/com/aventstack/extentreports/templates/commons/commons-macros.ftl"
[DEBUG] 2023-07-09 21:42:22.294 [main] cache - Couldn't find template in cache for "spark/macros/attributes.ftl"("en_US", UTF-8, parsed); will try to load it.
[DEBUG] 2023-07-09 21:42:22.295 [main] cache - TemplateLoader.findTemplateSource("spark/macros/attributes_en_US.ftl"): Not found
[DEBUG] 2023-07-09 21:42:22.295 [main] cache - TemplateLoader.findTemplateSource("spark/macros/attributes_en.ftl"): Not found
[DEBUG] 2023-07-09 21:42:22.295 [main] cache - TemplateLoader.findTemplateSource("spark/macros/attributes.ftl"): Found
[DEBUG] 2023-07-09 21:42:22.295 [main] cache - Loading template for "spark/macros/attributes.ftl"("en_US", UTF-8, parsed) from "jar:file:/C:/Users/t.alhusin/.m2/repository/com/aventstack/extentreports/5.0.9/extentreports-5.0.9.jar!/com/aventstack/extentreports/templates/spark/macros/attributes.ftl"
[DEBUG] 2023-07-09 21:42:22.297 [main] cache - Couldn't find template in cache for "spark/macros/log.ftl"("en_US", UTF-8, parsed); will try to load it.
[DEBUG] 2023-07-09 21:42:22.297 [main] cache - TemplateLoader.findTemplateSource("spark/macros/log_en_US.ftl"): Not found
[DEBUG] 2023-07-09 21:42:22.297 [main] cache - TemplateLoader.findTemplateSource("spark/macros/log_en.ftl"): Not found
[DEBUG] 2023-07-09 21:42:22.297 [main] cache - TemplateLoader.findTemplateSource("spark/macros/log.ftl"): Found
[DEBUG] 2023-07-09 21:42:22.298 [main] cache - Loading template for "spark/macros/log.ftl"("en_US", UTF-8, parsed) from "jar:file:/C:/Users/t.alhusin/.m2/repository/com/aventstack/extentreports/5.0.9/extentreports-5.0.9.jar!/com/aventstack/extentreports/templates/spark/macros/log.ftl"
[DEBUG] 2023-07-09 21:42:22.299 [main] cache - Couldn't find template in cache for "spark/macros/recurse_nodes.ftl"("en_US", UTF-8, parsed); will try to load it.
[DEBUG] 2023-07-09 21:42:22.300 [main] cache - TemplateLoader.findTemplateSource("spark/macros/recurse_nodes_en_US.ftl"): Not found
[DEBUG] 2023-07-09 21:42:22.301 [main] cache - TemplateLoader.findTemplateSource("spark/macros/recurse_nodes_en.ftl"): Not found
[DEBUG] 2023-07-09 21:42:22.301 [main] cache - TemplateLoader.findTemplateSource("spark/macros/recurse_nodes.ftl"): Found
[DEBUG] 2023-07-09 21:42:22.301 [main] cache - Loading template for "spark/macros/recurse_nodes.ftl"("en_US", UTF-8, parsed) from "jar:file:/C:/Users/t.alhusin/.m2/repository/com/aventstack/extentreports/5.0.9/extentreports-5.0.9.jar!/com/aventstack/extentreports/templates/spark/macros/recurse_nodes.ftl"
[DEBUG] 2023-07-09 21:42:22.305 [main] cache - "spark/macros/log.ftl"("en_US", UTF-8, parsed) cached copy not yet stale; using cached.
[DEBUG] 2023-07-09 21:42:22.305 [main] cache - Couldn't find template in cache for "spark/macros/attr-common.ftl"("en_US", UTF-8, parsed); will try to load it.
[DEBUG] 2023-07-09 21:42:22.306 [main] cache - TemplateLoader.findTemplateSource("spark/macros/attr-common_en_US.ftl"): Not found
[DEBUG] 2023-07-09 21:42:22.306 [main] cache - TemplateLoader.findTemplateSource("spark/macros/attr-common_en.ftl"): Not found
[DEBUG] 2023-07-09 21:42:22.307 [main] cache - TemplateLoader.findTemplateSource("spark/macros/attr-common.ftl"): Found
[DEBUG] 2023-07-09 21:42:22.307 [main] cache - Loading template for "spark/macros/attr-common.ftl"("en_US", UTF-8, parsed) from "jar:file:/C:/Users/t.alhusin/.m2/repository/com/aventstack/extentreports/5.0.9/extentreports-5.0.9.jar!/com/aventstack/extentreports/templates/spark/macros/attr-common.ftl"
[DEBUG] 2023-07-09 21:42:22.316 [main] cache - Couldn't find template in cache for "spark/partials/head.ftl"("en_US", UTF-8, parsed); will try to load it.
[DEBUG] 2023-07-09 21:42:22.317 [main] cache - TemplateLoader.findTemplateSource("spark/partials/head_en_US.ftl"): Not found
[DEBUG] 2023-07-09 21:42:22.318 [main] cache - TemplateLoader.findTemplateSource("spark/partials/head_en.ftl"): Not found
[DEBUG] 2023-07-09 21:42:22.318 [main] cache - TemplateLoader.findTemplateSource("spark/partials/head.ftl"): Found
[DEBUG] 2023-07-09 21:42:22.318 [main] cache - Loading template for "spark/partials/head.ftl"("en_US", UTF-8, parsed) from "jar:file:/C:/Users/t.alhusin/.m2/repository/com/aventstack/extentreports/5.0.9/extentreports-5.0.9.jar!/com/aventstack/extentreports/templates/spark/partials/head.ftl"
[DEBUG] 2023-07-09 21:42:22.321 [main] cache - Couldn't find template in cache for "commons/commons-inject-css.ftl"("en_US", UTF-8, parsed); will try to load it.
[DEBUG] 2023-07-09 21:42:22.321 [main] cache - TemplateLoader.findTemplateSource("commons/commons-inject-css_en_US.ftl"): Not found
[DEBUG] 2023-07-09 21:42:22.321 [main] cache - TemplateLoader.findTemplateSource("commons/commons-inject-css_en.ftl"): Not found
[DEBUG] 2023-07-09 21:42:22.322 [main] cache - TemplateLoader.findTemplateSource("commons/commons-inject-css.ftl"): Found
[DEBUG] 2023-07-09 21:42:22.322 [main] cache - Loading template for "commons/commons-inject-css.ftl"("en_US", UTF-8, parsed) from "jar:file:/C:/Users/t.alhusin/.m2/repository/com/aventstack/extentreports/5.0.9/extentreports-5.0.9.jar!/com/aventstack/extentreports/templates/commons/commons-inject-css.ftl"
[DEBUG] 2023-07-09 21:42:22.322 [main] cache - Couldn't find template in cache for "spark/partials/navbar.ftl"("en_US", UTF-8, parsed); will try to load it.
[DEBUG] 2023-07-09 21:42:22.323 [main] cache - TemplateLoader.findTemplateSource("spark/partials/navbar_en_US.ftl"): Not found
[DEBUG] 2023-07-09 21:42:22.323 [main] cache - TemplateLoader.findTemplateSource("spark/partials/navbar_en.ftl"): Not found
[DEBUG] 2023-07-09 21:42:22.323 [main] cache - TemplateLoader.findTemplateSource("spark/partials/navbar.ftl"): Found
[DEBUG] 2023-07-09 21:42:22.323 [main] cache - Loading template for "spark/partials/navbar.ftl"("en_US", UTF-8, parsed) from "jar:file:/C:/Users/t.alhusin/.m2/repository/com/aventstack/extentreports/5.0.9/extentreports-5.0.9.jar!/com/aventstack/extentreports/templates/spark/partials/navbar.ftl"
[DEBUG] 2023-07-09 21:42:22.331 [main] cache - Couldn't find template in cache for "spark/partials/sidenav.ftl"("en_US", UTF-8, parsed); will try to load it.
[DEBUG] 2023-07-09 21:42:22.332 [main] cache - TemplateLoader.findTemplateSource("spark/partials/sidenav_en_US.ftl"): Not found
[DEBUG] 2023-07-09 21:42:22.332 [main] cache - TemplateLoader.findTemplateSource("spark/partials/sidenav_en.ftl"): Not found
[DEBUG] 2023-07-09 21:42:22.332 [main] cache - TemplateLoader.findTemplateSource("spark/partials/sidenav.ftl"): Found
[DEBUG] 2023-07-09 21:42:22.332 [main] cache - Loading template for "spark/partials/sidenav.ftl"("en_US", UTF-8, parsed) from "jar:file:/C:/Users/t.alhusin/.m2/repository/com/aventstack/extentreports/5.0.9/extentreports-5.0.9.jar!/com/aventstack/extentreports/templates/spark/partials/sidenav.ftl"
[DEBUG] 2023-07-09 21:42:22.341 [main] cache - Couldn't find template in cache for "spark/partials/dashboard.ftl"("en_US", UTF-8, parsed); will try to load it.
[DEBUG] 2023-07-09 21:42:22.341 [main] cache - TemplateLoader.findTemplateSource("spark/partials/dashboard_en_US.ftl"): Not found
[DEBUG] 2023-07-09 21:42:22.341 [main] cache - TemplateLoader.findTemplateSource("spark/partials/dashboard_en.ftl"): Not found
[DEBUG] 2023-07-09 21:42:22.341 [main] cache - TemplateLoader.findTemplateSource("spark/partials/dashboard.ftl"): Found
[DEBUG] 2023-07-09 21:42:22.341 [main] cache - Loading template for "spark/partials/dashboard.ftl"("en_US", UTF-8, parsed) from "jar:file:/C:/Users/t.alhusin/.m2/repository/com/aventstack/extentreports/5.0.9/extentreports-5.0.9.jar!/com/aventstack/extentreports/templates/spark/partials/dashboard.ftl"
[DEBUG] 2023-07-09 21:42:22.367 [main] cache - Couldn't find template in cache for "spark/partials/test.ftl"("en_US", UTF-8, parsed); will try to load it.
[DEBUG] 2023-07-09 21:42:22.368 [main] cache - TemplateLoader.findTemplateSource("spark/partials/test_en_US.ftl"): Not found
[DEBUG] 2023-07-09 21:42:22.368 [main] cache - TemplateLoader.findTemplateSource("spark/partials/test_en.ftl"): Not found
[DEBUG] 2023-07-09 21:42:22.369 [main] cache - TemplateLoader.findTemplateSource("spark/partials/test.ftl"): Found
[DEBUG] 2023-07-09 21:42:22.369 [main] cache - Loading template for "spark/partials/test.ftl"("en_US", UTF-8, parsed) from "jar:file:/C:/Users/t.alhusin/.m2/repository/com/aventstack/extentreports/5.0.9/extentreports-5.0.9.jar!/com/aventstack/extentreports/templates/spark/partials/test.ftl"
[DEBUG] 2023-07-09 21:42:22.378 [main] cache - Couldn't find template in cache for "spark/partials/standard-content.ftl"("en_US", UTF-8, parsed); will try to load it.
[DEBUG] 2023-07-09 21:42:22.379 [main] cache - TemplateLoader.findTemplateSource("spark/partials/standard-content_en_US.ftl"): Not found
[DEBUG] 2023-07-09 21:42:22.379 [main] cache - TemplateLoader.findTemplateSource("spark/partials/standard-content_en.ftl"): Not found
[DEBUG] 2023-07-09 21:42:22.380 [main] cache - TemplateLoader.findTemplateSource("spark/partials/standard-content.ftl"): Found
[DEBUG] 2023-07-09 21:42:22.380 [main] cache - Loading template for "spark/partials/standard-content.ftl"("en_US", UTF-8, parsed) from "jar:file:/C:/Users/t.alhusin/.m2/repository/com/aventstack/extentreports/5.0.9/extentreports-5.0.9.jar!/com/aventstack/extentreports/templates/spark/partials/standard-content.ftl"
[DEBUG] 2023-07-09 21:42:22.388 [main] cache - Couldn't find template in cache for "spark/partials/exception.ftl"("en_US", UTF-8, parsed); will try to load it.
[DEBUG] 2023-07-09 21:42:22.388 [main] cache - TemplateLoader.findTemplateSource("spark/partials/exception_en_US.ftl"): Not found
[DEBUG] 2023-07-09 21:42:22.389 [main] cache - TemplateLoader.findTemplateSource("spark/partials/exception_en.ftl"): Not found
[DEBUG] 2023-07-09 21:42:22.389 [main] cache - TemplateLoader.findTemplateSource("spark/partials/exception.ftl"): Found
[DEBUG] 2023-07-09 21:42:22.389 [main] cache - Loading template for "spark/partials/exception.ftl"("en_US", UTF-8, parsed) from "jar:file:/C:/Users/t.alhusin/.m2/repository/com/aventstack/extentreports/5.0.9/extentreports-5.0.9.jar!/com/aventstack/extentreports/templates/spark/partials/exception.ftl"
[DEBUG] 2023-07-09 21:42:22.393 [main] cache - Couldn't find template in cache for "spark/partials/log.ftl"("en_US", UTF-8, parsed); will try to load it.
[DEBUG] 2023-07-09 21:42:22.393 [main] cache - TemplateLoader.findTemplateSource("spark/partials/log_en_US.ftl"): Not found
[DEBUG] 2023-07-09 21:42:22.394 [main] cache - TemplateLoader.findTemplateSource("spark/partials/log_en.ftl"): Not found
[DEBUG] 2023-07-09 21:42:22.394 [main] cache - TemplateLoader.findTemplateSource("spark/partials/log.ftl"): Found
[DEBUG] 2023-07-09 21:42:22.394 [main] cache - Loading template for "spark/partials/log.ftl"("en_US", UTF-8, parsed) from "jar:file:/C:/Users/t.alhusin/.m2/repository/com/aventstack/extentreports/5.0.9/extentreports-5.0.9.jar!/com/aventstack/extentreports/templates/spark/partials/log.ftl"
[DEBUG] 2023-07-09 21:42:22.395 [main] cache - Couldn't find template in cache for "spark/partials/scripts.ftl"("en_US", UTF-8, parsed); will try to load it.
[DEBUG] 2023-07-09 21:42:22.396 [main] cache - TemplateLoader.findTemplateSource("spark/partials/scripts_en_US.ftl"): Not found
[DEBUG] 2023-07-09 21:42:22.396 [main] cache - TemplateLoader.findTemplateSource("spark/partials/scripts_en.ftl"): Not found
[DEBUG] 2023-07-09 21:42:22.396 [main] cache - TemplateLoader.findTemplateSource("spark/partials/scripts.ftl"): Found
[DEBUG] 2023-07-09 21:42:22.396 [main] cache - Loading template for "spark/partials/scripts.ftl"("en_US", UTF-8, parsed) from "jar:file:/C:/Users/t.alhusin/.m2/repository/com/aventstack/extentreports/5.0.9/extentreports-5.0.9.jar!/com/aventstack/extentreports/templates/spark/partials/scripts.ftl"
[DEBUG] 2023-07-09 21:42:22.397 [main] cache - Couldn't find template in cache for "commons/commons-inject-js.ftl"("en_US", UTF-8, parsed); will try to load it.
[DEBUG] 2023-07-09 21:42:22.397 [main] cache - TemplateLoader.findTemplateSource("commons/commons-inject-js_en_US.ftl"): Not found
[DEBUG] 2023-07-09 21:42:22.398 [main] cache - TemplateLoader.findTemplateSource("commons/commons-inject-js_en.ftl"): Not found
[DEBUG] 2023-07-09 21:42:22.398 [main] cache - TemplateLoader.findTemplateSource("commons/commons-inject-js.ftl"): Found
[DEBUG] 2023-07-09 21:42:22.398 [main] cache - Loading template for "commons/commons-inject-js.ftl"("en_US", UTF-8, parsed) from "jar:file:/C:/Users/t.alhusin/.m2/repository/com/aventstack/extentreports/5.0.9/extentreports-5.0.9.jar!/com/aventstack/extentreports/templates/commons/commons-inject-js.ftl"
[INFO ] 2023-07-09 21:42:22.402 [main] ReportManager - File Action "DoesFileExist" successfully performed. With the following test data "File Path: "allure-results/cucumberReport.html"".
[INFO ] 2023-07-09 21:42:22.417 [main] ReportManager - Successfully created attachment 'HTML - Checkpoints Report'
[INFO ] 2023-07-09 21:42:22.424 [main] ReportManager - Successfully created attachment 'SHAFT Engine Logs - Issues log CSV: 20230709-214222'
[INFO ] 2023-07-09 21:42:22.426 [main] ReportManager - Driver is already closed.
[INFO ] 2023-07-09 21:42:22.433 [main] ReportManager - ===============================================
[INFO ] 2023-07-09 21:42:22.433 [main] ReportManager - Suite
[INFO ] 2023-07-09 21:42:22.433 [main] ReportManager - Total tests run: 1, Passes: 0, Failures: 1, Skips: 0
[INFO ] 2023-07-09 21:42:22.433 [main] ReportManager - ===============================================
[INFO ] 2023-07-09 21:42:22.439 [main] ReportManager - File Action "GetAbsolutePath" successfully performed. With the following test data "Relative File Path: "execution-summary/ExecutionSummaryReport_09-07-2023_21-42-22-0436-PM.html"".
[INFO ] 2023-07-09 21:42:22.443 [main] ReportManager - File Action "WriteToFile" successfully performed. With the following test data "Target File Path: "C:\Users\t.alhusin\IdeaProjects\shaft-demo\execution-summary\ExecutionSummaryReport_09-07-2023_21-42-22-0436-PM.html"".
[INFO ] 2023-07-09 21:42:22.443 [main] ReportManager - 
------------------------------------------------------------------------------------------------------------------------------------------------
                                                         Test Execution Summary Results                                                         
                                              Total Cases: 1 --> Passed: 0 | Failed: 1 | Skipped: 0                                              
------------------------------------------------------------------------------------------------------------------------------------------------

[INFO ] 2023-07-09 21:42:22.444 [main] ReportManager - 
------------------------------------------------------------------------------------------------------------------------------------------------
                                             This test run was powered by SHAFT Engine v7.2.20230621                                             
                                  SHAFT Engine is *and will always be* 100% FREE for commercial and private use                                  
                                                       in compliance with the MIT license                                                       
                                           https://github.com/ShaftHQ/SHAFT_ENGINE/blob/master/LICENSE                                           
------------------------------------------------------------------------------------------------------------------------------------------------

